<?xml version="1.0" encoding="UTF-8"?>
<testng-results ignored="0" total="1" passed="1" failed="0" skipped="0">
  <reporter-output>
  </reporter-output>
  <suite started-at="2021-06-09T16:58:47 IST" name="Default suite" finished-at="2021-06-09T16:59:47 IST" duration-ms="59878">
    <groups>
    </groups>
    <test started-at="2021-06-09T16:58:47 IST" name="Default test" finished-at="2021-06-09T16:59:47 IST" duration-ms="59878">
      <class name="Base.BaseClass">
        <test-method is-config="true" signature="setup()[pri:0, instance:Base.BaseClass@63355449]" started-at="2021-06-09T16:58:47 IST" name="setup" finished-at="2021-06-09T16:58:50 IST" duration-ms="2592" status="PASS">
          <reporter-output>
          </reporter-output>
        </test-method> <!-- setup -->
        <test-method signature="LoginTest()[pri:0, instance:Base.BaseClass@63355449]" started-at="2021-06-09T16:58:50 IST" name="LoginTest" finished-at="2021-06-09T16:59:46 IST" duration-ms="56695" status="PASS">
          <reporter-output>
          </reporter-output>
        </test-method> <!-- LoginTest -->
        <test-method is-config="true" signature="teardown()[pri:0, instance:Base.BaseClass@63355449]" started-at="2021-06-09T16:59:46 IST" name="teardown" finished-at="2021-06-09T16:59:47 IST" duration-ms="544" status="PASS">
          <reporter-output>
          </reporter-output>
        </test-method> <!-- teardown -->
      </class> <!-- Base.BaseClass -->
    </test> <!-- Default test -->
  </suite> <!-- Default suite -->
</testng-results>
